1/10/2023 15:08 ::  OS Version is : 10.0.19045
1/10/2023 15:08 :: The registry key does not exist.Product not yet installed.
1/10/2023 15:08 :: SetUninstall value is : 0: Product Installtion.
1/10/2023 15:08 :: Setting property SETPSHED since OS WIN10 with Windows build number greater than or equal to the recomended value of 17110.
1/10/2023 15:08 :: Setting property SETEMBSMBUS since OS WIN10 and 64 bit
1/10/2023 15:08 :: Setting property SETWDT since OS WIN10 and 64 bit
1/10/2023 15:08 :: Enlisting drivers under USB node in Device Manager
1/10/2023 15:08 :: ***********************************************************
1/10/2023 15:08 :: Device ID: USB\VID_046D&PID_C539\6&3A05D7D9&0&5
1/10/2023 15:08 :: Device ID: USB\ROOT_HUB30\5&1EB80877&0&0
1/10/2023 15:08 :: Device ID: USB\ROOT_HUB30\5&22A69E69&0&0
1/10/2023 15:08 :: Device ID: USB\VID_0B05&PID_1939\9876543210
1/10/2023 15:08 :: Device ID: USB\VID_0951&PID_16A4\00000000
1/10/2023 15:08 :: Device ID: USB\ROOT_HUB30\5&6838673&0&0
1/10/2023 15:08 :: Device ID: USB\VID_046D&PID_C336\079338663234
1/10/2023 15:08 :: Enlisting drivers under 'Storage Controllers' node in Device Manager
1/10/2023 15:08 :: **************************************************************************
1/10/2023 15:08 :: Device ID: ROOT\SPACEPORT\0000
1/10/2023 15:08 :: Checking or RAID Device ID as per new installer .
1/10/2023 15:08 :: Device ID: PCI\VEN_144D&DEV_A808&SUBSYS_A801144D&REV_00\4&2D380D55&0&0009
1/10/2023 15:08 :: Checking or RAID Device ID as per new installer .
1/10/2023 15:08 :: Enlisting drivers under 'system devices' node(PNP) in Device Manager
1/10/2023 15:08 :: **************************************************************************
1/10/2023 15:08 :: Device ID: PCI\VEN_1022&DEV_1453&SUBSYS_87471043&REV_00\3&11583659&0&09
1/10/2023 15:08 :: Device ID: PCI\VEN_1022&DEV_1453&SUBSYS_87471043&REV_00\3&11583659&0&0A
1/10/2023 15:08 :: Device ID: PCI\VEN_1022&DEV_1453&SUBSYS_87471043&REV_00\3&11583659&0&19
1/10/2023 15:08 :: Device ID: ACPI\PNP0C02\0
1/10/2023 15:08 :: Device ID: SWD\PRINTENUM\{61E0E52C-5916-469B-82DA-B6EA0098FA1B}
1/10/2023 15:08 :: Device ID: STORAGE\VOLUME\{5CDF9B10-912F-11ED-8BC6-806E6F6E6963}#0000000000004400
1/10/2023 15:08 :: Device ID: SWD\PRINTENUM\PRINTQUEUES
1/10/2023 15:08 :: Device ID: ACPI\AMDIF030\0
1/10/2023 15:08 ::  Device found with device id ACPI\AMDIF030\0.Hence setting property SETGPIO3
1/10/2023 15:08 :: Device ID: SWD\MMDEVAPI\{0.0.0.00000000}.{85F9D784-0551-44A7-A6A3-07290E2B4DAD}
1/10/2023 15:08 :: Device ID: ROOT\VOLMGR\0000
1/10/2023 15:08 :: Device ID: ACPI\PNP0103\2&DABA3FF&0
1/10/2023 15:08 :: Device ID: ACPI\PNP0200\4&15AF2B06&0
1/10/2023 15:08 :: Device ID: PCI\VEN_1022&DEV_1466&SUBSYS_00000000&REV_00\3&11583659&0&C6
1/10/2023 15:08 :: Device ID: ACPI\AUTHENTICAMD_-_AMD64_FAMILY_23_MODEL_8_-_AMD_RYZEN_7_2700_EIGHT-CORE_PROCESSOR__________\0
1/10/2023 15:08 :: Device ID: ACPI\AUTHENTICAMD_-_AMD64_FAMILY_23_MODEL_8_-_AMD_RYZEN_7_2700_EIGHT-CORE_PROCESSOR__________\1
1/10/2023 15:08 :: Device ID: ACPI\AUTHENTICAMD_-_AMD64_FAMILY_23_MODEL_8_-_AMD_RYZEN_7_2700_EIGHT-CORE_PROCESSOR__________\2
1/10/2023 15:08 :: Device ID: ACPI\AUTHENTICAMD_-_AMD64_FAMILY_23_MODEL_8_-_AMD_RYZEN_7_2700_EIGHT-CORE_PROCESSOR__________\3
1/10/2023 15:08 :: Device ID: ACPI\AUTHENTICAMD_-_AMD64_FAMILY_23_MODEL_8_-_AMD_RYZEN_7_2700_EIGHT-CORE_PROCESSOR__________\4
1/10/2023 15:08 :: Device ID: ACPI\AUTHENTICAMD_-_AMD64_FAMILY_23_MODEL_8_-_AMD_RYZEN_7_2700_EIGHT-CORE_PROCESSOR__________\5
1/10/2023 15:08 :: Device ID: ACPI\AUTHENTICAMD_-_AMD64_FAMILY_23_MODEL_8_-_AMD_RYZEN_7_2700_EIGHT-CORE_PROCESSOR__________\6
1/10/2023 15:08 :: Device ID: ACPI\AUTHENTICAMD_-_AMD64_FAMILY_23_MODEL_8_-_AMD_RYZEN_7_2700_EIGHT-CORE_PROCESSOR__________\7
1/10/2023 15:08 :: Device ID: ACPI\AUTHENTICAMD_-_AMD64_FAMILY_23_MODEL_8_-_AMD_RYZEN_7_2700_EIGHT-CORE_PROCESSOR__________\8
1/10/2023 15:08 :: Device ID: ACPI\AUTHENTICAMD_-_AMD64_FAMILY_23_MODEL_8_-_AMD_RYZEN_7_2700_EIGHT-CORE_PROCESSOR__________\9
1/10/2023 15:08 :: Device ID: ACPI\AUTHENTICAMD_-_AMD64_FAMILY_23_MODEL_8_-_AMD_RYZEN_7_2700_EIGHT-CORE_PROCESSOR__________\A
1/10/2023 15:08 :: Device ID: ACPI\AUTHENTICAMD_-_AMD64_FAMILY_23_MODEL_8_-_AMD_RYZEN_7_2700_EIGHT-CORE_PROCESSOR__________\B
1/10/2023 15:08 :: Device ID: ACPI\AUTHENTICAMD_-_AMD64_FAMILY_23_MODEL_8_-_AMD_RYZEN_7_2700_EIGHT-CORE_PROCESSOR__________\C
1/10/2023 15:08 :: Device ID: ACPI\AUTHENTICAMD_-_AMD64_FAMILY_23_MODEL_8_-_AMD_RYZEN_7_2700_EIGHT-CORE_PROCESSOR__________\D
1/10/2023 15:08 :: Device ID: ACPI\AUTHENTICAMD_-_AMD64_FAMILY_23_MODEL_8_-_AMD_RYZEN_7_2700_EIGHT-CORE_PROCESSOR__________\E
1/10/2023 15:08 :: Device ID: ACPI\AUTHENTICAMD_-_AMD64_FAMILY_23_MODEL_8_-_AMD_RYZEN_7_2700_EIGHT-CORE_PROCESSOR__________\F
1/10/2023 15:08 :: Device ID: PCI\VEN_1022&DEV_1450&SUBSYS_87471043&REV_00\3&11583659&0&00
1/10/2023 15:08 :: Device ID: STORAGE\VOLUME\{5CDF9B10-912F-11ED-8BC6-806E6F6E6963}#0000000001000000
1/10/2023 15:08 :: Device ID: PCI\VEN_1022&DEV_145F&SUBSYS_87471043&REV_00\4&2392ABC8&0&0339
1/10/2023 15:08 :: Device ID: ROOT\BASICDISPLAY\0000
1/10/2023 15:08 :: Device ID: SWD\MMDEVAPI\{0.0.0.00000000}.{30D5FEB4-41BB-4D44-AE61-F88DD2474ECC}
1/10/2023 15:08 :: Device ID: HID\VID_046D&PID_C539&MI_01&COL02\8&36A8684B&0&0001
1/10/2023 15:08 :: Device ID: ACPI\PNP0C14\ASUSCONTROLCENTER
1/10/2023 15:08 :: Device ID: PCI\VEN_1022&DEV_1457&SUBSYS_86C71043&REV_00\4&700E472&0&0341
1/10/2023 15:08 :: Device ID: ACPI\AMDI0030\0
1/10/2023 15:08 ::  Device found with device id ACPI\AMDI0030\0.Hence setting property SETGPIO2
1/10/2023 15:08 :: Device ID: HID\VID_046D&PID_C336&MI_01&COL04\8&27055787&0&0003
1/10/2023 15:08 :: Device ID: UEFI\RES_{CDB2E107-7465-5137-826D-C4C85E65452C}\0
1/10/2023 15:08 :: Device ID: PCI\VEN_1022&DEV_43EA&SUBSYS_33081B21&REV_00\5&C341C5F&0&00020A
1/10/2023 15:08 :: Device ID: PCI\VEN_1022&DEV_1452&SUBSYS_00000000&REV_00\3&11583659&0&08
1/10/2023 15:08 :: Device ID: PCI\VEN_1022&DEV_1452&SUBSYS_00000000&REV_00\3&11583659&0&10
1/10/2023 15:08 :: Device ID: PCI\VEN_1022&DEV_1452&SUBSYS_00000000&REV_00\3&11583659&0&18
1/10/2023 15:08 :: Device ID: PCI\VEN_1022&DEV_1452&SUBSYS_00000000&REV_00\3&11583659&0&20
1/10/2023 15:08 :: Device ID: PCI\VEN_1022&DEV_1452&SUBSYS_00000000&REV_00\3&11583659&0&38
1/10/2023 15:08 :: Device ID: PCI\VEN_1022&DEV_1452&SUBSYS_00000000&REV_00\3&11583659&0&40
1/10/2023 15:08 :: Device ID: ACPI\ACPI0010\1
1/10/2023 15:08 :: Device ID: ACPI\PNP0C14\ASUSWMI
1/10/2023 15:08 :: Device ID: DISPLAY\DEL41F7\5&21AF3ED7&0&UID45312
1/10/2023 15:08 :: Device ID: PCI\VEN_1022&DEV_1463&SUBSYS_00000000&REV_00\3&11583659&0&C3
1/10/2023 15:08 :: Device ID: ROOT\VID\0000
1/10/2023 15:08 :: Device ID: ROOT\COMPOSITEBUS\0000
1/10/2023 15:08 :: Device ID: USB\VID_046D&PID_C539\6&3A05D7D9&0&5
1/10/2023 15:08 :: Device ID: ROOT\VDRVROOT\0000
1/10/2023 15:08 :: Device ID: PCI\VEN_1022&DEV_43EA&SUBSYS_33081B21&REV_00\5&C341C5F&0&10020A
1/10/2023 15:08 :: Device ID: SWD\PRINTENUM\{3C02D72D-BE16-42EA-8A7E-D7C39CBE234C}
1/10/2023 15:08 :: Device ID: ROOT\SPACEPORT\0000
1/10/2023 15:08 :: Device ID: PCI\VEN_10EC&DEV_8168&SUBSYS_86771043&REV_15\6&216E878&0&0048020A
1/10/2023 15:08 :: Device ID: PCI\VEN_1022&DEV_43EA&SUBSYS_33081B21&REV_00\5&C341C5F&0&08020A
1/10/2023 15:08 :: Device ID: PCI\VEN_1022&DEV_790E&SUBSYS_87471043&REV_51\3&11583659&0&A3
1/10/2023 15:08 :: Device ID: ACPI\PNP0501\0
1/10/2023 15:08 :: Device ID: ROOT\KDNIC\0000
1/10/2023 15:08 :: Device ID: USB\VID_0951&PID_16A4&MI_00\7&3321D09B&0&0000
1/10/2023 15:08 :: Device ID: HID\VID_046D&PID_C539&MI_02&COL03\8&E3DBA82&0&0002
1/10/2023 15:08 :: Device ID: PCI\VEN_1022&DEV_1455&SUBSYS_87471043&REV_00\4&700E472&0&0041
1/10/2023 15:08 ::  Device found with device id PCI\VEN_1022&DEV_1455&SUBSYS_87471043&REV_00\4&700E472&0&0041.Hence setting property SETPCI since WIN10 OS.
1/10/2023 15:08 :: Device ID: STORAGE\VOLUMESNAPSHOT\HARDDISKVOLUMESNAPSHOT1
1/10/2023 15:08 :: Device ID: PCI\VEN_1022&DEV_1460&SUBSYS_00000000&REV_00\3&11583659&0&C0
1/10/2023 15:08 :: Device ID: HID\VID_046D&PID_C539&MI_02&COL02\8&E3DBA82&0&0001
1/10/2023 15:08 :: Device ID: USB\ROOT_HUB30\5&1EB80877&0&0
1/10/2023 15:08 :: Device ID: PCI\VEN_1022&DEV_43EA&SUBSYS_33081B21&REV_00\5&C341C5F&0&20020A
1/10/2023 15:08 :: Device ID: HID\VID_046D&PID_C539&MI_01&COL03\8&36A8684B&0&0002
1/10/2023 15:08 :: Device ID: HID\VID_046D&PID_C539&MI_02&COL01\8&E3DBA82&0&0000
1/10/2023 15:08 :: Device ID: SWD\MMDEVAPI\{0.0.0.00000000}.{6802A326-123A-4360-B169-8E544E5CA059}
1/10/2023 15:08 :: Device ID: ACPI\PNP0C02\4&2392ABC8&0
1/10/2023 15:08 :: Device ID: PCI\VEN_1022&DEV_43EA&SUBSYS_33081B21&REV_00\5&C341C5F&0&18020A
1/10/2023 15:08 :: Device ID: SWD\MMDEVAPI\{0.0.1.00000000}.{4B5BEE16-E0D7-48A9-9F70-CF6852778D38}
1/10/2023 15:08 :: Device ID: HID\VID_046D&PID_C539&MI_00\8&23784C0D&0&0000
1/10/2023 15:08 :: Device ID: PCI\VEN_10DE&DEV_10F9&SUBSYS_86731043&REV_A1\4&1DA95F35&0&0119
1/10/2023 15:08 :: Device ID: ACPI\PNP0800\4&15AF2B06&0
1/10/2023 15:08 :: Device ID: PCI\VEN_1022&DEV_43E9&SUBSYS_02011B21&REV_00\4&15FA37C&0&020A
1/10/2023 15:08 :: Device ID: ROOT\UMBUS\0000
1/10/2023 15:08 :: Device ID: SWD\RADIO\{3DB5895D-CC28-44B3-AD3D-6F01A782B8D2}
1/10/2023 15:08 :: Device ID: ACPI\PNP0C01\C8
1/10/2023 15:08 :: Device ID: PCI\VEN_10DE&DEV_1ADB&SUBSYS_86731043&REV_A1\4&1DA95F35&0&0319
1/10/2023 15:08 :: Device ID: ROOT\ACPI_HAL\0000
1/10/2023 15:08 :: Device ID: PCI\VEN_1022&DEV_1465&SUBSYS_00000000&REV_00\3&11583659&0&C5
1/10/2023 15:08 :: Device ID: STORAGE\VOLUME\{5CDF9B0F-912F-11ED-8BC6-806E6F6E6963}#0000000000100000
1/10/2023 15:08 :: Device ID: USB\ROOT_HUB30\5&22A69E69&0&0
1/10/2023 15:08 :: Device ID: SWD\PRINTENUM\{630C661A-DC91-4911-83C7-C69C0BBB56A4}
1/10/2023 15:08 :: Device ID: ACPI\PNP0C14\AOD
1/10/2023 15:08 :: Device ID: ACPI\PNP0C14\AWW
1/10/2023 15:08 :: Device ID: ACPI\PNP0A08\0
1/10/2023 15:08 :: Device ID: PCI\VEN_1022&DEV_43EA&SUBSYS_33081B21&REV_00\5&C341C5F&0&40020A
1/10/2023 15:08 :: Device ID: HID\VID_0951&PID_16A4&MI_03&COL01\8&2DFA5F00&0&0000
1/10/2023 15:08 :: Device ID: ACPI\PNP0100\4&15AF2B06&0
1/10/2023 15:08 :: Device ID: SCSI\DISK&VEN_&PROD_ST2000DM006-2DM1\5&28A2507C&0&000000
1/10/2023 15:08 :: Device ID: HID\VID_046D&PID_C539&MI_01&COL04\8&36A8684B&0&0003
1/10/2023 15:08 :: Device ID: ACPI_HAL\PNP0C08\0
1/10/2023 15:08 :: Device ID: HTREE\ROOT\0
1/10/2023 15:08 :: Device ID: ROOT\BASICRENDER\0000
1/10/2023 15:08 :: Device ID: HID\VID_046D&PID_C336&MI_01&COL01\8&27055787&0&0000
1/10/2023 15:08 :: Device ID: PCI\VEN_1022&DEV_145A&SUBSYS_87471043&REV_00\4&2392ABC8&0&0039
1/10/2023 15:08 ::  Device found with device id PCI\VEN_1022&DEV_145A&SUBSYS_87471043&REV_00\4&2392ABC8&0&0039.Hence setting property SETPCI since WIN10 OS.
1/10/2023 15:08 :: Device ID: PCI\VEN_144D&DEV_A808&SUBSYS_A801144D&REV_00\4&2D380D55&0&0009
1/10/2023 15:08 :: Device ID: USB\VID_046D&PID_C336&MI_01\7&4A9A7D3&0&0001
1/10/2023 15:08 :: Device ID: ACPI_HAL\UEFI\0
1/10/2023 15:08 :: Device ID: USB\VID_0B05&PID_1939&MI_02\7&40FE908&0&0002
1/10/2023 15:08 :: Device ID: PCI\VEN_1022&DEV_1462&SUBSYS_00000000&REV_00\3&11583659&0&C2
1/10/2023 15:08 :: Device ID: USB\VID_0B05&PID_1939\9876543210
1/10/2023 15:08 :: Device ID: USB\VID_046D&PID_C336&MI_00\7&4A9A7D3&0&0000
1/10/2023 15:08 :: Device ID: ACPI\MSFT0101\1
1/10/2023 15:08 :: Device ID: ACPI\FIXEDBUTTON\2&DABA3FF&0
1/10/2023 15:08 :: Device ID: USB\VID_0B05&PID_1939&MI_00\7&40FE908&0&0000
1/10/2023 15:08 :: Device ID: ACPI\PNP0C14\ASUSBACKUPWMI
1/10/2023 15:08 :: Device ID: PCI\VEN_1022&DEV_1454&SUBSYS_87471043&REV_00\3&11583659&0&39
1/10/2023 15:08 :: Device ID: PCI\VEN_1022&DEV_1454&SUBSYS_87471043&REV_00\3&11583659&0&41
1/10/2023 15:08 :: Device ID: PCI\VEN_1022&DEV_43EA&SUBSYS_33081B21&REV_00\5&C341C5F&0&48020A
1/10/2023 15:08 :: Device ID: USB\VID_0951&PID_16A4\00000000
1/10/2023 15:08 :: Device ID: ACPI\PNP0C02\15
1/10/2023 15:08 :: Device ID: ACPI\PNP0C02\90
1/10/2023 15:08 :: Device ID: ACPI\PNP0C02\91
1/10/2023 15:08 :: Device ID: STORAGE\VOLUME\{5CDF9B0F-912F-11ED-8BC6-806E6F6E6963}#0000003A17800000
1/10/2023 15:08 :: Device ID: STORAGE\VOLUME\{5CDF9B0F-912F-11ED-8BC6-806E6F6E6963}#0000000007500000
1/10/2023 15:08 :: Device ID: USB\ROOT_HUB30\5&6838673&0&0
1/10/2023 15:08 :: Device ID: PCI\VEN_10DE&DEV_1F02&SUBSYS_86731043&REV_A1\4&1DA95F35&0&0019
1/10/2023 15:08 :: Device ID: PCI\VEN_1022&DEV_1456&SUBSYS_87471043&REV_00\4&2392ABC8&0&0239
1/10/2023 15:08 ::  Device found with device id PCI\VEN_1022&DEV_1456&SUBSYS_87471043&REV_00\4&2392ABC8&0&0239.Hence setting property SETPSP
1/10/2023 15:08 :: Device ID: SWD\PRINTENUM\{A483FA4D-DC62-4791-8EC9-0F606F0D76D6}
1/10/2023 15:08 :: Device ID: ROOT\UNNAMED_DEVICE\0000
1/10/2023 15:08 :: Device ID: ROOT\UNNAMED_DEVICE\0001
1/10/2023 15:08 :: Device ID: ROOT\UNNAMED_DEVICE\0002
1/10/2023 15:08 :: Device ID: HDAUDIO\FUNC_01&VEN_10DE&DEV_0093&SUBSYS_10438673&REV_1001\5&1E4BEEEE&0&0001
1/10/2023 15:08 :: Device ID: PCI\VEN_1022&DEV_1467&SUBSYS_00000000&REV_00\3&11583659&0&C7
1/10/2023 15:08 :: Device ID: SWD\MMDEVAPI\MICROSOFTGSWAVETABLESYNTH
1/10/2023 15:08 :: Device ID: ACPI\PNP0C0C\AA
1/10/2023 15:08 :: Device ID: HID\VID_0951&PID_16A4&MI_03&COL02\8&2DFA5F00&0&0001
1/10/2023 15:08 :: Device ID: HDAUDIO\FUNC_01&VEN_10EC&DEV_0887&SUBSYS_104386C7&REV_1003\5&32E1AA9B&0&0001
1/10/2023 15:08 :: Device ID: PCI\VEN_10DE&DEV_1ADA&SUBSYS_86731043&REV_A1\4&1DA95F35&0&0219
1/10/2023 15:08 :: Device ID: HID\VID_046D&PID_C336&MI_01&COL02\8&27055787&0&0001
1/10/2023 15:08 :: Device ID: USB\VID_046D&PID_C539&MI_02\7&F220D03&0&0002
1/10/2023 15:08 :: Device ID: PCI\VEN_1022&DEV_7901&SUBSYS_87471043&REV_51\4&700E472&0&0241
1/10/2023 15:08 :: Device ID: SCSI\DISK&VEN_NVME&PROD_SAMSUNG_SSD_970\5&159352D5&0&000000
1/10/2023 15:08 :: Device ID: USB\VID_046D&PID_C539&MI_01\7&F220D03&0&0001
1/10/2023 15:08 :: Device ID: ROOT\NDISVIRTUALBUS\0000
1/10/2023 15:08 :: Device ID: PCI\VEN_1022&DEV_43EB&SUBSYS_10621B21&REV_00\4&15FA37C&0&010A
1/10/2023 15:08 :: Device ID: USB\VID_046D&PID_C539&MI_00\7&F220D03&0&0000
1/10/2023 15:08 :: Device ID: HID\VID_046D&PID_C336&MI_00\8&3A3573C5&0&0000
1/10/2023 15:08 :: Device ID: PCI\VEN_1022&DEV_1464&SUBSYS_00000000&REV_00\3&11583659&0&C4
1/10/2023 15:08 :: Device ID: STORAGE\VOLUME\{5CDF9B0F-912F-11ED-8BC6-806E6F6E6963}#0000000006500000
1/10/2023 15:08 :: Device ID: ACPI\PNP0C02\700
1/10/2023 15:08 :: Device ID: USB\VID_046D&PID_C336\079338663234
1/10/2023 15:08 :: Device ID: PCI\VEN_1022&DEV_43EE&SUBSYS_11421B21&REV_00\4&15FA37C&0&000A
1/10/2023 15:08 :: Device ID: PCI\VEN_1022&DEV_790B&SUBSYS_87471043&REV_59\3&11583659&0&A0
1/10/2023 15:08 :: Checking for REV_16 in deatils since ven and dev id were found.
1/10/2023 15:08 ::  Met conditions 'Win10/RS2,VEN_1022 AND DEV_790B with REV_61/REV_59/REV_51'.Hence setting property SETRYZENPPKG.
1/10/2023 15:08 ::  Device found with device id PCI\VEN_1022&DEV_790B&SUBSYS_87471043&REV_59\3&11583659&0&A0.Hence setting property SETSMBUS
1/10/2023 15:08 :: Device ID: HID\VID_0B05&PID_1939&MI_02\8&2765EFF3&0&0000
1/10/2023 15:08 :: Device ID: ROOT\MSSMBIOS\0000
1/10/2023 15:08 :: Device ID: USB\VID_0951&PID_16A4&MI_03\7&3321D09B&0&0003
1/10/2023 15:08 :: Device ID: ROOT\SYSTEM\0000
1/10/2023 15:08 :: Device ID: HID\VID_046D&PID_C539&MI_01&COL01\8&36A8684B&0&0000
1/10/2023 15:08 :: Device ID: ACPI\PNP0B00\4&15AF2B06&0
1/10/2023 15:08 :: Device ID: ROOT\RDPBUS\0000
1/10/2023 15:08 :: Device ID: PCI\VEN_1022&DEV_1461&SUBSYS_00000000&REV_00\3&11583659&0&C1
1/10/2023 15:08 :: Device ID: HID\VID_046D&PID_C336&MI_01&COL03\8&27055787&0&0002
1/10/2023 15:08 :: Device ID: ACPI\PNP0000\4&15AF2B06&0
1/10/2023 15:08 :: Enlisting drivers under 'IDE ATA\ATAPI Controllers' node in Device Manager
1/10/2023 15:08 :: **********************************************************************************
1/10/2023 15:08 :: Device ID: PCI\VEN_1022&DEV_7901&SUBSYS_87471043&REV_51\4&700E472&0&0241
1/10/2023 15:08 :: Device ID: PCI\VEN_1022&DEV_43EB&SUBSYS_10621B21&REV_00\4&15FA37C&0&010A
1/10/2023 15:08 :: Enlisting drivers under 'Network Adaptors' node in Device Manager
1/10/2023 15:08 :: **************************************************************************
1/10/2023 15:08 :: Device ID: 0
1/10/2023 15:08 :: Device ID: 1
1/10/2023 15:08 :: File found. Proceeding to read.
1/10/2023 15:08 :: ReadXMLValues : Value inside array is evaluated against : /SETEMBSMBUS
1/10/2023 15:08 :: ReadXMLValues : Value inside array is evaluated against : /SETWDT
1/10/2023 15:08 :: ReadXMLValues : Value inside array is evaluated against : /SETGPIO3
1/10/2023 15:08 :: ReadXMLValues : Value inside array is evaluated against : /SETGPIO2
1/10/2023 15:08 :: ReadXMLValues : Value inside array is evaluated against : /SETPCI
1/10/2023 15:08 :: ReadXMLValues : Value inside array is evaluated against : /SETPCI
1/10/2023 15:08 :: ReadXMLValues : Value inside array is evaluated against : /SETPSP
1/10/2023 15:08 :: ReadXMLValues : Value inside array is evaluated against : /SETRYZENPPKG
1/10/2023 15:08 :: ReadXMLValues : AMD Processor Power Management Support - AMD Ryzen Power Plan found
1/10/2023 15:08 :: ReadXMLValues : Value inside array is evaluated against : /SETSMBUS
1/10/2023 15:08 :: ReadXMLValues : Value inside array is evaluated against : /SETEMBSMBUS
1/10/2023 15:08 :: ReadXMLValues : Value inside array is evaluated against : /SETWDT
1/10/2023 15:08 :: ReadXMLValues : Value inside array is evaluated against : /SETGPIO3
1/10/2023 15:08 :: ReadXMLValues : Value inside array is evaluated against : /SETGPIO2
1/10/2023 15:08 :: ReadXMLValues : Value inside array is evaluated against : /SETPCI
1/10/2023 15:08 :: ReadXMLValues : AMD PCI Device Driver found
1/10/2023 15:08 :: ReadXMLValues : Value inside array is evaluated against : /SETPCI
1/10/2023 15:08 :: ReadXMLValues : Value inside array is evaluated against : /SETPSP
1/10/2023 15:08 :: ReadXMLValues : Value inside array is evaluated against : /SETRYZENPPKG
1/10/2023 15:08 :: ReadXMLValues : Value inside array is evaluated against : /SETSMBUS
1/10/2023 15:08 :: ReadXMLValues : Value inside array is evaluated against : /SETEMBSMBUS
1/10/2023 15:08 :: ReadXMLValues : Value inside array is evaluated against : /SETWDT
1/10/2023 15:08 :: ReadXMLValues : Value inside array is evaluated against : /SETGPIO3
1/10/2023 15:08 :: ReadXMLValues : Value inside array is evaluated against : /SETGPIO2
1/10/2023 15:08 :: ReadXMLValues : Value inside array is evaluated against : /SETPCI
1/10/2023 15:08 :: ReadXMLValues : Value inside array is evaluated against : /SETPCI
1/10/2023 15:08 :: ReadXMLValues : Value inside array is evaluated against : /SETPSP
1/10/2023 15:08 :: ReadXMLValues : Value inside array is evaluated against : /SETRYZENPPKG
1/10/2023 15:08 :: ReadXMLValues : Value inside array is evaluated against : /SETSMBUS
1/10/2023 15:08 :: ReadXMLValues : Value inside array is evaluated against : /SETEMBSMBUS
1/10/2023 15:08 :: ReadXMLValues : Value inside array is evaluated against : /SETWDT
1/10/2023 15:08 :: ReadXMLValues : Value inside array is evaluated against : /SETGPIO3
1/10/2023 15:08 :: ReadXMLValues : Value inside array is evaluated against : /SETGPIO2
1/10/2023 15:08 :: ReadXMLValues : Value inside array is evaluated against : /SETPCI
1/10/2023 15:08 :: ReadXMLValues : Value inside array is evaluated against : /SETPCI
1/10/2023 15:08 :: ReadXMLValues : Value inside array is evaluated against : /SETPSP
1/10/2023 15:08 :: ReadXMLValues : Value inside array is evaluated against : /SETRYZENPPKG
1/10/2023 15:08 :: ReadXMLValues : Value inside array is evaluated against : /SETSMBUS
1/10/2023 15:08 :: ReadXMLValues : Value inside array is evaluated against : /SETEMBSMBUS
1/10/2023 15:08 :: ReadXMLValues : Value inside array is evaluated against : /SETWDT
1/10/2023 15:08 :: ReadXMLValues : Value inside array is evaluated against : /SETGPIO3
1/10/2023 15:08 :: ReadXMLValues : Value inside array is evaluated against : /SETGPIO2
1/10/2023 15:08 :: ReadXMLValues : AMD GPIO2 Driver found
1/10/2023 15:08 :: ReadXMLValues : Value inside array is evaluated against : /SETPCI
1/10/2023 15:08 :: ReadXMLValues : Value inside array is evaluated against : /SETPCI
1/10/2023 15:08 :: ReadXMLValues : Value inside array is evaluated against : /SETPSP
1/10/2023 15:08 :: ReadXMLValues : Value inside array is evaluated against : /SETRYZENPPKG
1/10/2023 15:08 :: ReadXMLValues : Value inside array is evaluated against : /SETSMBUS
1/10/2023 15:08 :: ReadXMLValues : Value inside array is evaluated against : /SETEMBSMBUS
1/10/2023 15:08 :: ReadXMLValues : Value inside array is evaluated against : /SETWDT
1/10/2023 15:08 :: ReadXMLValues : Value inside array is evaluated against : /SETGPIO3
1/10/2023 15:08 :: ReadXMLValues : PT GPIO Driver found
1/10/2023 15:08 :: ReadXMLValues : Value inside array is evaluated against : /SETGPIO2
1/10/2023 15:08 :: ReadXMLValues : Value inside array is evaluated against : /SETPCI
1/10/2023 15:08 :: ReadXMLValues : Value inside array is evaluated against : /SETPCI
1/10/2023 15:08 :: ReadXMLValues : Value inside array is evaluated against : /SETPSP
1/10/2023 15:08 :: ReadXMLValues : Value inside array is evaluated against : /SETRYZENPPKG
1/10/2023 15:08 :: ReadXMLValues : Value inside array is evaluated against : /SETSMBUS
1/10/2023 15:08 :: ReadXMLValues : Value inside array is evaluated against : /SETEMBSMBUS
1/10/2023 15:08 :: ReadXMLValues : Value inside array is evaluated against : /SETWDT
1/10/2023 15:08 :: ReadXMLValues : Value inside array is evaluated against : /SETGPIO3
1/10/2023 15:08 :: ReadXMLValues : Value inside array is evaluated against : /SETGPIO2
1/10/2023 15:08 :: ReadXMLValues : Value inside array is evaluated against : /SETPCI
1/10/2023 15:08 :: ReadXMLValues : Value inside array is evaluated against : /SETPCI
1/10/2023 15:08 :: ReadXMLValues : Value inside array is evaluated against : /SETPSP
1/10/2023 15:08 :: ReadXMLValues : AMD PSP Driver found
1/10/2023 15:08 :: ReadXMLValues : Value inside array is evaluated against : /SETRYZENPPKG
1/10/2023 15:08 :: ReadXMLValues : Value inside array is evaluated against : /SETSMBUS
1/10/2023 15:08 :: ReadXMLValues : Value inside array is evaluated against : /SETEMBSMBUS
1/10/2023 15:08 :: ReadXMLValues : Value inside array is evaluated against : /SETWDT
1/10/2023 15:08 :: ReadXMLValues : Value inside array is evaluated against : /SETGPIO3
1/10/2023 15:08 :: ReadXMLValues : Value inside array is evaluated against : /SETGPIO2
1/10/2023 15:08 :: ReadXMLValues : Value inside array is evaluated against : /SETPCI
1/10/2023 15:08 :: ReadXMLValues : Value inside array is evaluated against : /SETPCI
1/10/2023 15:08 :: ReadXMLValues : Value inside array is evaluated against : /SETPSP
1/10/2023 15:08 :: ReadXMLValues : Value inside array is evaluated against : /SETRYZENPPKG
1/10/2023 15:08 :: ReadXMLValues : Value inside array is evaluated against : /SETSMBUS
1/10/2023 15:08 :: ReadXMLValues : Value inside array is evaluated against : /SETEMBSMBUS
1/10/2023 15:08 :: ReadXMLValues : Value inside array is evaluated against : /SETWDT
1/10/2023 15:08 :: ReadXMLValues : Value inside array is evaluated against : /SETGPIO3
1/10/2023 15:08 :: ReadXMLValues : Value inside array is evaluated against : /SETGPIO2
1/10/2023 15:08 :: ReadXMLValues : Value inside array is evaluated against : /SETPCI
1/10/2023 15:08 :: ReadXMLValues : Value inside array is evaluated against : /SETPCI
1/10/2023 15:08 :: ReadXMLValues : Value inside array is evaluated against : /SETPSP
1/10/2023 15:08 :: ReadXMLValues : Value inside array is evaluated against : /SETRYZENPPKG
1/10/2023 15:08 :: ReadXMLValues : Value inside array is evaluated against : /SETSMBUS
1/10/2023 15:08 :: ReadXMLValues : AMD SMBUS Drivern found
1/10/2023 15:08 :: ReadXMLValues : Value inside array is evaluated against : /SETEMBSMBUS
1/10/2023 15:08 :: ReadXMLValues : Value inside array is evaluated against : /SETWDT
1/10/2023 15:08 :: ReadXMLValues : Value inside array is evaluated against : /SETGPIO3
1/10/2023 15:08 :: ReadXMLValues : Value inside array is evaluated against : /SETGPIO2
1/10/2023 15:08 :: ReadXMLValues : Value inside array is evaluated against : /SETPCI
1/10/2023 15:08 :: ReadXMLValues : Value inside array is evaluated against : /SETPCI
1/10/2023 15:08 :: ReadXMLValues : Value inside array is evaluated against : /SETPSP
1/10/2023 15:08 :: ReadXMLValues : Value inside array is evaluated against : /SETRYZENPPKG
1/10/2023 15:08 :: ReadXMLValues : Value inside array is evaluated against : /SETSMBUS
1/10/2023 15:08 :: ReadXMLValues : Value inside array is evaluated against : /SETEMBSMBUS
1/10/2023 15:08 :: ReadXMLValues : Value inside array is evaluated against : /SETWDT
1/10/2023 15:08 :: ReadXMLValues : Value inside array is evaluated against : /SETGPIO3
1/10/2023 15:08 :: ReadXMLValues : Value inside array is evaluated against : /SETGPIO2
1/10/2023 15:08 :: ReadXMLValues : Value inside array is evaluated against : /SETPCI
1/10/2023 15:08 :: ReadXMLValues : Value inside array is evaluated against : /SETPCI
1/10/2023 15:08 :: ReadXMLValues : Value inside array is evaluated against : /SETPSP
1/10/2023 15:08 :: ReadXMLValues : Value inside array is evaluated against : /SETRYZENPPKG
1/10/2023 15:08 :: ReadXMLValues : Value inside array is evaluated against : /SETSMBUS
1/10/2023 15:08 :: ReadXMLValues : Value inside array is evaluated against : /SETEMBSMBUS
1/10/2023 15:08 :: ReadXMLValues : Value inside array is evaluated against : /SETWDT
1/10/2023 15:08 :: ReadXMLValues : Value inside array is evaluated against : /SETGPIO3
1/10/2023 15:08 :: ReadXMLValues : Value inside array is evaluated against : /SETGPIO2
1/10/2023 15:08 :: ReadXMLValues : Value inside array is evaluated against : /SETPCI
1/10/2023 15:08 :: ReadXMLValues : Value inside array is evaluated against : /SETPCI
1/10/2023 15:08 :: ReadXMLValues : Value inside array is evaluated against : /SETPSP
1/10/2023 15:08 :: ReadXMLValues : Value inside array is evaluated against : /SETRYZENPPKG
1/10/2023 15:08 :: ReadXMLValues : Value inside array is evaluated against : /SETSMBUS
1/10/2023 15:08 :: ReadXMLValues : Value inside array is evaluated against : /SETEMBSMBUS
1/10/2023 15:08 :: ReadXMLValues : Value inside array is evaluated against : /SETWDT
1/10/2023 15:08 :: ReadXMLValues : Value inside array is evaluated against : /SETGPIO3
1/10/2023 15:08 :: ReadXMLValues : Value inside array is evaluated against : /SETGPIO2
1/10/2023 15:08 :: ReadXMLValues : Value inside array is evaluated against : /SETPCI
1/10/2023 15:08 :: ReadXMLValues : Value inside array is evaluated against : /SETPCI
1/10/2023 15:08 :: ReadXMLValues : Value inside array is evaluated against : /SETPSP
1/10/2023 15:08 :: ReadXMLValues : Value inside array is evaluated against : /SETRYZENPPKG
1/10/2023 15:08 :: ReadXMLValues : Value inside array is evaluated against : /SETSMBUS
1/10/2023 15:08 :: ReadXMLValues : Value inside array is evaluated against : /SETEMBSMBUS
1/10/2023 15:08 :: ReadXMLValues : Value inside array is evaluated against : /SETWDT
1/10/2023 15:08 :: ReadXMLValues : Value inside array is evaluated against : /SETGPIO3
1/10/2023 15:08 :: ReadXMLValues : Value inside array is evaluated against : /SETGPIO2
1/10/2023 15:08 :: ReadXMLValues : Value inside array is evaluated against : /SETPCI
1/10/2023 15:08 :: ReadXMLValues : Value inside array is evaluated against : /SETPCI
1/10/2023 15:08 :: ReadXMLValues : Value inside array is evaluated against : /SETPSP
1/10/2023 15:08 :: ReadXMLValues : Value inside array is evaluated against : /SETRYZENPPKG
1/10/2023 15:08 :: ReadXMLValues : Value inside array is evaluated against : /SETSMBUS
1/10/2023 15:08 :: ReadXMLValues : Value inside array is evaluated against : /SETEMBSMBUS
1/10/2023 15:08 :: ReadXMLValues : Value inside array is evaluated against : /SETWDT
1/10/2023 15:08 :: ReadXMLValues : Value inside array is evaluated against : /SETGPIO3
1/10/2023 15:08 :: ReadXMLValues : Value inside array is evaluated against : /SETGPIO2
1/10/2023 15:08 :: ReadXMLValues : Value inside array is evaluated against : /SETPCI
1/10/2023 15:08 :: ReadXMLValues : Value inside array is evaluated against : /SETPCI
1/10/2023 15:08 :: ReadXMLValues : Value inside array is evaluated against : /SETPSP
1/10/2023 15:08 :: ReadXMLValues : Value inside array is evaluated against : /SETRYZENPPKG
1/10/2023 15:08 :: ReadXMLValues : Value inside array is evaluated against : /SETSMBUS
1/10/2023 15:08 :: ReadXMLValues : Value inside array is evaluated against : /SETEMBSMBUS
1/10/2023 15:08 :: ReadXMLValues : Value inside array is evaluated against : /SETWDT
1/10/2023 15:08 :: ReadXMLValues : Value inside array is evaluated against : /SETGPIO3
1/10/2023 15:08 :: ReadXMLValues : Value inside array is evaluated against : /SETGPIO2
1/10/2023 15:08 :: ReadXMLValues : Value inside array is evaluated against : /SETPCI
1/10/2023 15:08 :: ReadXMLValues : Value inside array is evaluated against : /SETPCI
1/10/2023 15:08 :: ReadXMLValues : Value inside array is evaluated against : /SETPSP
1/10/2023 15:08 :: ReadXMLValues : Value inside array is evaluated against : /SETRYZENPPKG
1/10/2023 15:08 :: ReadXMLValues : Value inside array is evaluated against : /SETSMBUS
1/10/2023 15:08 :: ReadXMLValues : Value inside array is evaluated against : /SETEMBSMBUS
1/10/2023 15:08 :: ReadXMLValues : Value inside array is evaluated against : /SETWDT
1/10/2023 15:08 :: ReadXMLValues : Value inside array is evaluated against : /SETGPIO3
1/10/2023 15:08 :: ReadXMLValues : Value inside array is evaluated against : /SETGPIO2
1/10/2023 15:08 :: ReadXMLValues : Value inside array is evaluated against : /SETPCI
1/10/2023 15:08 :: ReadXMLValues : Value inside array is evaluated against : /SETPCI
1/10/2023 15:08 :: ReadXMLValues : Value inside array is evaluated against : /SETPSP
1/10/2023 15:08 :: ReadXMLValues : Value inside array is evaluated against : /SETRYZENPPKG
1/10/2023 15:08 :: ReadXMLValues : Value inside array is evaluated against : /SETSMBUS
1/10/2023 15:08 :: ReadXMLValues : Value inside array is evaluated against : /SETEMBSMBUS
1/10/2023 15:08 :: ReadXMLValues : Value inside array is evaluated against : /SETWDT
1/10/2023 15:08 :: ReadXMLValues : Value inside array is evaluated against : /SETGPIO3
1/10/2023 15:08 :: ReadXMLValues : Value inside array is evaluated against : /SETGPIO2
1/10/2023 15:08 :: ReadXMLValues : Value inside array is evaluated against : /SETPCI
1/10/2023 15:08 :: ReadXMLValues : Value inside array is evaluated against : /SETPCI
1/10/2023 15:08 :: ReadXMLValues : Value inside array is evaluated against : /SETPSP
1/10/2023 15:08 :: ReadXMLValues : Value inside array is evaluated against : /SETRYZENPPKG
1/10/2023 15:08 :: ReadXMLValues : Value inside array is evaluated against : /SETSMBUS
1/10/2023 15:08 :: ReadXMLValues : Value inside array is evaluated against : /SETEMBSMBUS
1/10/2023 15:08 :: ReadXMLValues : Value inside array is evaluated against : /SETWDT
1/10/2023 15:08 :: ReadXMLValues : Value inside array is evaluated against : /SETGPIO3
1/10/2023 15:08 :: ReadXMLValues : Value inside array is evaluated against : /SETGPIO2
1/10/2023 15:08 :: ReadXMLValues : Value inside array is evaluated against : /SETPCI
1/10/2023 15:08 :: ReadXMLValues : Value inside array is evaluated against : /SETPCI
1/10/2023 15:08 :: ReadXMLValues : Value inside array is evaluated against : /SETPSP
1/10/2023 15:08 :: ReadXMLValues : Value inside array is evaluated against : /SETRYZENPPKG
1/10/2023 15:08 :: ReadXMLValues : Value inside array is evaluated against : /SETSMBUS
1/10/2023 15:08 :: ReadXMLValues : Value inside array is evaluated against : /SETEMBSMBUS
1/10/2023 15:08 :: ReadXMLValues : Value inside array is evaluated against : /SETWDT
1/10/2023 15:08 :: ReadXMLValues : Value inside array is evaluated against : /SETGPIO3
1/10/2023 15:08 :: ReadXMLValues : Value inside array is evaluated against : /SETGPIO2
1/10/2023 15:08 :: ReadXMLValues : Value inside array is evaluated against : /SETPCI
1/10/2023 15:08 :: ReadXMLValues : Value inside array is evaluated against : /SETPCI
1/10/2023 15:08 :: ReadXMLValues : Value inside array is evaluated against : /SETPSP
1/10/2023 15:08 :: ReadXMLValues : Value inside array is evaluated against : /SETRYZENPPKG
1/10/2023 15:08 :: ReadXMLValues : Value inside array is evaluated against : /SETSMBUS
1/10/2023 15:08 :: ReadXMLValues : Value inside array is evaluated against : /SETEMBSMBUS
1/10/2023 15:08 :: ReadXMLValues : Value inside array is evaluated against : /SETWDT
1/10/2023 15:08 :: ReadXMLValues : Value inside array is evaluated against : /SETGPIO3
1/10/2023 15:08 :: ReadXMLValues : Value inside array is evaluated against : /SETGPIO2
1/10/2023 15:08 :: ReadXMLValues : Value inside array is evaluated against : /SETPCI
1/10/2023 15:08 :: ReadXMLValues : Value inside array is evaluated against : /SETPCI
1/10/2023 15:08 :: ReadXMLValues : Value inside array is evaluated against : /SETPSP
1/10/2023 15:08 :: ReadXMLValues : Value inside array is evaluated against : /SETRYZENPPKG
1/10/2023 15:08 :: ReadXMLValues : Value inside array is evaluated against : /SETSMBUS
1/10/2023 15:08 :: ReadXMLValues : Value inside array is evaluated against : /SETEMBSMBUS
1/10/2023 15:08 :: ReadXMLValues : Value inside array is evaluated against : /SETWDT
1/10/2023 15:08 :: ReadXMLValues : Value inside array is evaluated against : /SETGPIO3
1/10/2023 15:08 :: ReadXMLValues : Value inside array is evaluated against : /SETGPIO2
1/10/2023 15:08 :: ReadXMLValues : Value inside array is evaluated against : /SETPCI
1/10/2023 15:08 :: ReadXMLValues : Value inside array is evaluated against : /SETPCI
1/10/2023 15:08 :: ReadXMLValues : Value inside array is evaluated against : /SETPSP
1/10/2023 15:08 :: ReadXMLValues : Value inside array is evaluated against : /SETRYZENPPKG
1/10/2023 15:08 :: ReadXMLValues : Value inside array is evaluated against : /SETSMBUS
1/10/2023 15:08 :: ReadXMLValues : Value inside array is evaluated against : /SETEMBSMBUS
1/10/2023 15:08 :: ReadXMLValues : Value inside array is evaluated against : /SETWDT
1/10/2023 15:08 :: ReadXMLValues : Value inside array is evaluated against : /SETGPIO3
1/10/2023 15:08 :: ReadXMLValues : Value inside array is evaluated against : /SETGPIO2
1/10/2023 15:08 :: ReadXMLValues : Value inside array is evaluated against : /SETPCI
1/10/2023 15:08 :: ReadXMLValues : Value inside array is evaluated against : /SETPCI
1/10/2023 15:08 :: ReadXMLValues : Value inside array is evaluated against : /SETPSP
1/10/2023 15:08 :: ReadXMLValues : Value inside array is evaluated against : /SETRYZENPPKG
1/10/2023 15:08 :: ReadXMLValues : Value inside array is evaluated against : /SETSMBUS
1/10/2023 15:08 :: ReadXMLValues : Value inside array is evaluated against : /SETEMBSMBUS
1/10/2023 15:08 :: ReadXMLValues : Value inside array is evaluated against : /SETWDT
1/10/2023 15:08 :: ReadXMLValues : Value inside array is evaluated against : /SETGPIO3
1/10/2023 15:08 :: ReadXMLValues : Value inside array is evaluated against : /SETGPIO2
1/10/2023 15:08 :: ReadXMLValues : Value inside array is evaluated against : /SETPCI
1/10/2023 15:08 :: ReadXMLValues : Value inside array is evaluated against : /SETPCI
1/10/2023 15:08 :: ReadXMLValues : Value inside array is evaluated against : /SETPSP
1/10/2023 15:08 :: ReadXMLValues : Value inside array is evaluated against : /SETRYZENPPKG
1/10/2023 15:08 :: ReadXMLValues : Value inside array is evaluated against : /SETSMBUS
1/10/2023 15:08 :: ReadXMLValues : Value inside array is evaluated against : /SETEMBSMBUS
1/10/2023 15:08 :: ReadXMLValues : Value inside array is evaluated against : /SETWDT
1/10/2023 15:08 :: ReadXMLValues : Value inside array is evaluated against : /SETGPIO3
1/10/2023 15:08 :: ReadXMLValues : Value inside array is evaluated against : /SETGPIO2
1/10/2023 15:08 :: ReadXMLValues : Value inside array is evaluated against : /SETPCI
1/10/2023 15:08 :: ReadXMLValues : Value inside array is evaluated against : /SETPCI
1/10/2023 15:08 :: ReadXMLValues : Value inside array is evaluated against : /SETPSP
1/10/2023 15:08 :: ReadXMLValues : Value inside array is evaluated against : /SETRYZENPPKG
1/10/2023 15:08 :: ReadXMLValues : Value inside array is evaluated against : /SETSMBUS
1/10/2023 15:08 :: ReadXMLValues : Value inside array is evaluated against : /SETEMBSMBUS
1/10/2023 15:08 :: ReadXMLValues : Value inside array is evaluated against : /SETWDT
1/10/2023 15:08 :: ReadXMLValues : Value inside array is evaluated against : /SETGPIO3
1/10/2023 15:08 :: ReadXMLValues : Value inside array is evaluated against : /SETGPIO2
1/10/2023 15:08 :: ReadXMLValues : Value inside array is evaluated against : /SETPCI
1/10/2023 15:08 :: ReadXMLValues : Value inside array is evaluated against : /SETPCI
1/10/2023 15:08 :: ReadXMLValues : Value inside array is evaluated against : /SETPSP
1/10/2023 15:08 :: ReadXMLValues : Value inside array is evaluated against : /SETRYZENPPKG
1/10/2023 15:08 :: ReadXMLValues : Value inside array is evaluated against : /SETSMBUS
1/10/2023 15:08 :: ReadXMLValues : Value inside array is evaluated against : /SETEMBSMBUS
1/10/2023 15:08 :: ReadXMLValues : Value inside array is evaluated against : /SETWDT
1/10/2023 15:08 :: ReadXMLValues : Value inside array is evaluated against : /SETGPIO3
1/10/2023 15:08 :: ReadXMLValues : Value inside array is evaluated against : /SETGPIO2
1/10/2023 15:08 :: ReadXMLValues : Value inside array is evaluated against : /SETPCI
1/10/2023 15:08 :: ReadXMLValues : Value inside array is evaluated against : /SETPCI
1/10/2023 15:08 :: ReadXMLValues : Value inside array is evaluated against : /SETPSP
1/10/2023 15:08 :: ReadXMLValues : Value inside array is evaluated against : /SETRYZENPPKG
1/10/2023 15:08 :: ReadXMLValues : Value inside array is evaluated against : /SETSMBUS
1/10/2023 15:08 :: Folder PMF Driver not found at location or PMF not selected.
1/10/2023 15:08 :: Folder USB4 Driver not found at location.
1/10/2023 15:08 :: Enlisting drivers under 'system devices' node(PNP) in Device Manager
1/10/2023 15:08 :: **************************************************************************
1/10/2023 15:08 ::  Device Found SMBUS with Vendor id VEN_1022.Hence setting property DETECTAMD
1/10/2023 15:08 :: Device ID: PCI\VEN_1022&DEV_790B&SUBSYS_87471043&REV_59\3&11583659&0&A0
1/10/2023 15:08 :: PNP Device ID: PCI\VEN_1022&DEV_790B&SUBSYS_87471043&REV_59\3&11583659&0&A0
1/10/2023 15:08 :: RemoveInstalledDrivers : I2C driver installer not present
1/10/2023 15:08 :: RemoveInstalledDrivers : UART driver installer not present
1/10/2023 15:08 :: RemoveInstalledDrivers : GPIO2 driver installer not present
1/10/2023 15:08 :: RemoveInstalledDrivers : USB3.0_Hudson_Hub driver installer not present
1/10/2023 15:08 :: RemoveInstalledDrivers : USB3.0_Hudson_XHC driver installer not present
1/10/2023 15:08 :: RemoveInstalledDrivers : USB3.0_HUB driver installer not present
1/10/2023 15:09 :: RemoveInstalledDrivers : USB3.0_XHC driver installer not present
1/10/2023 15:09 :: RemoveInstalledDrivers : USB3.1_HUB_PT driver installer not present
1/10/2023 15:09 :: RemoveInstalledDrivers : USB3.1_XHC_PT driver installer not present
1/10/2023 15:09 :: RemoveInstalledDrivers : SATA driver installer not present
1/10/2023 15:09 :: RemoveInstalledDrivers : PT GPIO driver installer not present
1/10/2023 15:09 :: RemoveInstalledDrivers : USB Filter driver installer not present
1/10/2023 15:09 :: RemoveInstalledDrivers : USB 3.1 driver installer not present
1/10/2023 15:09 :: Enlisting drivers under 'Processor' node for power plan in control pannel
1/10/2023 15:09 :: ********************************************************************************
1/10/2023 15:09 :: Family: AMD64 Family 23 Model 8 Stepping 2
1/10/2023 15:09 :: position where Family string is present : 7
1/10/2023 15:09 :: Hexadecimal value of familyID '23' at 14th position of system caption is : 17
1/10/2023 15:09 :: position where Model string is present : 17
1/10/2023 15:09 :: Hexadecimal value of modelID '8 ' at 23th position of system caption is : 8
1/10/2023 15:09 :: position where Stepping string is present : 25
1/10/2023 15:09 :: Hexadecimal value of modelID '8 ' at 34th position of system caption is : 2
1/10/2023 15:09 :: Dpinst.log file not found.
1/10/2023 15:09 :: List of features deployed initially : 
1/10/2023 15:09 :: Remove value written to registry is: 
1/10/2023 15:09 :: RemResidualFol_up : Folder %appdata%..\Chipset_Driver_Installer not found.
1/10/2023 15:09 :: RemResidualFol_up: Folder %PFx86%..\Chipset_IODrivers not found.
1/10/2023 15:09 :: FolderDeletion: Folder C:\AMD\Chipset_Driver_Installer not found.
1/10/2023 15:09 :: FolderDeletion: Folder C:\AMD\UART Driver not found.
1/10/2023 15:09 :: FolderDeletion: Folder C:\AMD\I2C Driver not found.
1/10/2023 15:09 :: FolderDeletion: Folder C:\AMD\GPIO2 Driver not found.
1/10/2023 15:09 :: FolderDeletion: Folder C:\AMD\PSP Driver not found.
1/10/2023 15:09 :: FolderDeletion: Folder C:\AMD\SFH Driver not found.
1/10/2023 15:09 :: FolderDeletion: Folder C:\AMD\UPEP Driver not found.
1/10/2023 15:09 :: FolderDeletion: Folder C:\AMD\RyzenPPKG Driver not found.
1/10/2023 15:09 :: FolderDeletion: Folder C:\AMD\SBxxxSMBus Driver not found.
1/10/2023 15:09 :: FolderDeletion: Folder C:\AMD\SFHI2C Driver not found.
1/10/2023 15:09 :: FolderDeletion: Folder C:\AMD\AMDAS4 Driver not found.
1/10/2023 15:09 :: FolderDeletion: Folder C:\AMD\GPIO Promontory Driver not found.
1/10/2023 15:09 :: FolderDeletion: Folder C:\AMD\Promontory GPIO Driver not found.
1/10/2023 15:09 :: FolderDeletion: Folder C:\AMD\SATA Driver not found.
1/10/2023 15:09 :: FolderDeletion: Folder C:\AMD\USB3.1 Driver not found.
1/10/2023 15:09 :: FolderDeletion: Folder C:\AMD\USB Filter Driver not found.
1/10/2023 15:09 :: FolderDeletion: Folder C:\AMD\IOV_WT Driver not found.
1/10/2023 15:09 :: FolderDeletion: Folder C:\AMD\IOV Driver not found.
1/10/2023 15:09 :: FolderDeletion: Folder C:\AMD\PCI Driver not found.
1/10/2023 15:09 :: FolderDeletion: Folder C:\AMD\CIR Driver not found.
1/10/2023 15:09 :: FolderDeletion: Folder C:\AMD\USB3.0HostController Driver not found.
1/10/2023 15:09 :: FolderDeletion: Folder C:\AMD\USB3.0Hub Driver not found.
1/10/2023 15:09 :: FolderDeletion: Folder C:\AMD\USBHUB Driver not found.
1/10/2023 15:09 :: FolderDeletion: Folder C:\AMD\USBController Driver not found.
1/10/2023 15:09 :: FolderDeletion: Folder C:\AMD\amdxhc_PT Driver not found.
1/10/2023 15:09 :: FolderDeletion: Folder C:\AMD\amdhub_PT Driver not found.
1/10/2023 15:09 :: FolderDeletion: Folder C:\AMD\amdhub_PT Driver not found.
1/10/2023 15:09 :: FolderDeletion: Folder C:\AMD\CCP Driver not found.
1/10/2023 15:09 :: FolderDeletion: Folder C:\AMD\EMBSMBus_Driver not found.
1/10/2023 15:09 :: FolderDeletion: Folder C:\AMD\EMBSPIFlash Driver not found.
1/10/2023 15:09 :: FolderDeletion: Folder C:\AMD\Serial Driver not found.
1/10/2023 15:09 :: FolderDeletion: Folder C:\AMD\WDT_Driver not found.
1/10/2023 15:09 :: FolderDeletion: Folder C:\AMD\eMMC Driver not found.
1/10/2023 15:09 :: ProductCode value obtained from session : {2b787d65-59ec-46d5-9e6b-8b4761e7903c}
1/10/2023 15:09 :: EstimatedSize value obtained form registry SOFTWARE\Microsoft\Windows\CurrentVersion\Uninstall\{2b787d65-59ec-46d5-9e6b-8b4761e7903c}\ is : 8319
1/10/2023 15:09 :: EstimatedSize value written to registry HKLM\SOFTWARE\Microsoft\Windows\CurrentVersion\Uninstall\AMD_Chipset_IODrivers\EstimatedSize
1/10/2023 15:09 :: Dpinst.log file not found.
1/10/2023 15:09 :: REMOVEVALUE property value is : 
1/10/2023 15:09 :: DPLINECOUNT property value is : 
1/10/2023 15:09 :: ADDLOCAL property value is : Drivers,GPIO2,GPIO3,PCI,PSP,RYZENPPKG,SMBUS
1/10/2023 15:09 :: REMPSHED property value is : 
1/10/2023 15:09 :: Transaction NOT in uninstall mode
1/10/2023 15:09 :: Dpinst.log file not found.
1/10/2023 15:09 :: FileCopy : C:\Windows\DPINST.LOG not found.
1/10/2023 15:09 :: FileCopy : Copying C:\Windows\inf\setupapi.dev.log to C:\AMD\Chipset_Software\Logs\ failed with err : 424
1/10/2023 15:09 :: FileCopy : C:\Windows\inf\setupapi.log not found.
1/10/2023 3:09:19 PM :: PSP_Cleanup : Existing values on 'owners' key : oem9.inf
1/10/2023 3:09:19 PM :: PSP_Cleanup: Oem value of existing PSP Driver obtaned from registry is : oem9.inf
1/10/2023 3:09:19 PM :: PSP_Cleanup : Command to uninstall already existing PSP driver form system : "C:\AMD\Chipset_Software\Binaries\PSP Driver\dpinst64.exe" /U "C:\Windows\inf\oem9.inf" /LM /SA /SW
1/10/2023 3:09:27 PM :: PPKG_Cleanup : Command to uninstall already existing PPKG driver form system : "C:\AMD\Chipset_Software\Binaries\RyzenPPKG Driver\WTx64\AMDPPMSettings.exe" -uninstall
1/10/2023 3:09:27 PM :: PPKG_Cleanup : Registry clean up attempted for existing drivers
1/10/2023 15:09 :: REMOVEVALUE property value is : 
1/10/2023 15:09 :: DPLINECOUNT property value is : 
1/10/2023 15:09 :: ADDLOCAL property value is : Drivers,GPIO2,GPIO3,PCI,PSP,RYZENPPKG,SMBUS
1/10/2023 15:09 :: REMPSHED property value is : 
1/10/2023 15:09 :: Transaction NOT in uninstall mode
1/10/2023 15:09 :: No previous line count obtained from dpinst.log
1/10/2023 15:09 :: Found '0x40000001' in text file indicating 'Machine will have to be rebooted to complete installation.'
1/10/2023 15:09 :: Found '0x40000001' in text file indicating 'Machine will have to be rebooted to complete installation.'
1/10/2023 15:09 :: REBOOTSTATUS set from newly created dpinst file.Writing YES to registry.
1/10/2023 15:09 :: FileCopy : Copying C:\Windows\DPINST.LOG to C:\AMD\Chipset_Software\Logs\ failed with err : -2147024894
1/10/2023 15:09 :: FileCopy : Copying C:\Windows\inf\setupapi.dev.log to C:\AMD\Chipset_Software\Logs\ failed with err : -2147024894
1/10/2023 15:09 :: FileCopy : C:\Windows\inf\setupapi.log not found.
